# JRE version: Java(TM) SE Runtime Environment (17.0.8+9) (build 17.0.8+9-LTS-211)
# Java VM: Java HotSpot(TM) 64-Bit Server VM (17.0.8+9-LTS-211, mixed mode, sharing, tiered, compressed oops, compressed class ptrs, g1 gc, windows-amd64)
GC Precious Log:
 CPUs: 8 total, 8 available
 Memory: 16239M
 Large Page Support: Disabled
 NUMA Support: Disabled
 Compressed Oops: Enabled (Zero based)
 Heap Region Size: 2M
 Heap Min Capacity: 8M
 Heap Initial Capacity: 254M
 Heap Max Capacity: 4060M
 Pre-touch: Disabled
 Parallel Workers: 8
 Concurrent Workers: 2
 Concurrent Refinement Workers: 8
 Periodic GC: Disabled
Heap:
 garbage-first heap   total 90112K, used 54965K [0x0000000702400000, 0x0000000800000000)
  region size 2048K, 12 young (24576K), 2 survivors (4096K)
 Metaspace       used 75273K, committed 75904K, reserved 1179648K
  class space    used 10181K, committed 10496K, reserved 1048576K
GC Heap History (20 events):
Event: 16.093 GC heap before
{Heap before GC invocations=6 (full 0):
 garbage-first heap   total 69632K, used 42086K [0x0000000702400000, 0x0000000800000000)
  region size 2048K, 13 young (26624K), 1 survivors (2048K)
 Metaspace       used 29826K, committed 30208K, reserved 1114112K
  class space    used 3911K, committed 4096K, reserved 1048576K
}
Event: 16.112 GC heap after
{Heap after GC invocations=7 (full 0):
 garbage-first heap   total 69632K, used 19461K [0x0000000702400000, 0x0000000800000000)
  region size 2048K, 2 young (4096K), 2 survivors (4096K)
 Metaspace       used 29826K, committed 30208K, reserved 1114112K
  class space    used 3911K, committed 4096K, reserved 1048576K
}
Event: 17.547 GC heap before
{Heap before GC invocations=7 (full 0):
 garbage-first heap   total 69632K, used 44037K [0x0000000702400000, 0x0000000800000000)
  region size 2048K, 14 young (28672K), 2 survivors (4096K)
 Metaspace       used 33484K, committed 33920K, reserved 1114112K
  class space    used 4392K, committed 4608K, reserved 1048576K
}
Event: 17.555 GC heap after
{Heap after GC invocations=8 (full 0):
 garbage-first heap   total 90112K, used 21172K [0x0000000702400000, 0x0000000800000000)
  region size 2048K, 1 young (2048K), 1 survivors (2048K)
 Metaspace       used 33484K, committed 33920K, reserved 1114112K
  class space    used 4392K, committed 4608K, reserved 1048576K
}
Event: 18.086 GC heap before
{Heap before GC invocations=8 (full 0):
 garbage-first heap   total 90112K, used 31412K [0x0000000702400000, 0x0000000800000000)
  region size 2048K, 7 young (14336K), 1 survivors (2048K)
 Metaspace       used 35527K, committed 35968K, reserved 1114112K
  class space    used 4663K, committed 4864K, reserved 1048576K
}
Event: 18.091 GC heap after
{Heap after GC invocations=9 (full 0):
 garbage-first heap   total 90112K, used 21707K [0x0000000702400000, 0x0000000800000000)
  region size 2048K, 2 young (4096K), 2 survivors (4096K)
 Metaspace       used 35527K, committed 35968K, reserved 1114112K
  class space    used 4663K, committed 4864K, reserved 1048576K
}
Event: 20.268 GC heap before
{Heap before GC invocations=10 (full 0):
 garbage-first heap   total 90112K, used 64715K [0x0000000702400000, 0x0000000800000000)
  region size 2048K, 23 young (47104K), 2 survivors (4096K)
 Metaspace       used 46603K, committed 46976K, reserved 1114112K
  class space    used 6231K, committed 6400K, reserved 1048576K
}
Event: 20.274 GC heap after
{Heap after GC invocations=11 (full 0):
 garbage-first heap   total 90112K, used 24315K [0x0000000702400000, 0x0000000800000000)
  region size 2048K, 3 young (6144K), 3 survivors (6144K)
 Metaspace       used 46603K, committed 46976K, reserved 1114112K
  class space    used 6231K, committed 6400K, reserved 1048576K
}
Event: 21.962 GC heap before
{Heap before GC invocations=11 (full 0):
 garbage-first heap   total 90112K, used 65275K [0x0000000702400000, 0x0000000800000000)
  region size 2048K, 23 young (47104K), 3 survivors (6144K)
 Metaspace       used 57186K, committed 57600K, reserved 1114112K
  class space    used 7888K, committed 8064K, reserved 1048576K
}
Event: 21.971 GC heap after
{Heap after GC invocations=12 (full 0):
 garbage-first heap   total 90112K, used 26775K [0x0000000702400000, 0x0000000800000000)
  region size 2048K, 3 young (6144K), 3 survivors (6144K)
 Metaspace       used 57186K, committed 57600K, reserved 1114112K
  class space    used 7888K, committed 8064K, reserved 1048576K
}
Event: 22.591 GC heap before
{Heap before GC invocations=12 (full 0):
 garbage-first heap   total 90112K, used 47255K [0x0000000702400000, 0x0000000800000000)
  region size 2048K, 14 young (28672K), 3 survivors (6144K)
 Metaspace       used 59809K, committed 60288K, reserved 1114112K
  class space    used 8260K, committed 8512K, reserved 1048576K
}
Event: 22.603 GC heap after
{Heap after GC invocations=13 (full 0):
 garbage-first heap   total 90112K, used 28131K [0x0000000702400000, 0x0000000800000000)
  region size 2048K, 2 young (4096K), 2 survivors (4096K)
 Metaspace       used 59809K, committed 60288K, reserved 1114112K
  class space    used 8260K, committed 8512K, reserved 1048576K
}
Event: 23.806 GC heap before
{Heap before GC invocations=14 (full 0):
 garbage-first heap   total 90112K, used 67043K [0x0000000702400000, 0x0000000800000000)
  region size 2048K, 21 young (43008K), 2 survivors (4096K)
 Metaspace       used 62875K, committed 63360K, reserved 1114112K
  class space    used 8785K, committed 9024K, reserved 1048576K
}
Event: 23.821 GC heap after
{Heap after GC invocations=15 (full 0):
 garbage-first heap   total 90112K, used 30783K [0x0000000702400000, 0x0000000800000000)
  region size 2048K, 2 young (4096K), 2 survivors (4096K)
 Metaspace       used 62875K, committed 63360K, reserved 1114112K
  class space    used 8785K, committed 9024K, reserved 1048576K
}
Event: 26.882 GC heap before
{Heap before GC invocations=15 (full 0):
 garbage-first heap   total 90112K, used 69695K [0x0000000702400000, 0x0000000800000000)
  region size 2048K, 21 young (43008K), 2 survivors (4096K)
 Metaspace       used 69470K, committed 70016K, reserved 1114112K
  class space    used 9627K, committed 9920K, reserved 1048576K
}
Event: 26.890 GC heap after
{Heap after GC invocations=16 (full 0):
 garbage-first heap   total 90112K, used 34575K [0x0000000702400000, 0x0000000800000000)
  region size 2048K, 3 young (6144K), 3 survivors (6144K)
 Metaspace       used 69470K, committed 70016K, reserved 1114112K
  class space    used 9627K, committed 9920K, reserved 1048576K
}
Event: 3558.863 GC heap before
{Heap before GC invocations=16 (full 0):
 garbage-first heap   total 90112K, used 65295K [0x0000000702400000, 0x0000000800000000)
  region size 2048K, 19 young (38912K), 3 survivors (6144K)
 Metaspace       used 74218K, committed 74816K, reserved 1114112K
  class space    used 10175K, committed 10496K, reserved 1048576K
}
Event: 3558.996 GC heap after
{Heap after GC invocations=17 (full 0):
 garbage-first heap   total 90112K, used 36671K [0x0000000702400000, 0x0000000800000000)
  region size 2048K, 2 young (4096K), 2 survivors (4096K)
 Metaspace       used 74218K, committed 74816K, reserved 1114112K
  class space    used 10175K, committed 10496K, reserved 1048576K
}
Event: 8870.411 GC heap before
{Heap before GC invocations=17 (full 0):
 garbage-first heap   total 90112K, used 67391K [0x0000000702400000, 0x0000000800000000)
  region size 2048K, 17 young (34816K), 2 survivors (4096K)
 Metaspace       used 75058K, committed 75648K, reserved 1179648K
  class space    used 10178K, committed 10496K, reserved 1048576K
}
Event: 8870.447 GC heap after
{Heap after GC invocations=18 (full 0):
 garbage-first heap   total 90112K, used 36533K [0x0000000702400000, 0x0000000800000000)
  region size 2048K, 2 young (4096K), 2 survivors (4096K)
 Metaspace       used 75058K, committed 75648K, reserved 1179648K
  class space    used 10178K, committed 10496K, reserved 1048576K
}

